[0;34m[INFO][0m Creating branch: fix/nextjs-cve-20251216
Switched to a new branch 'fix/nextjs-cve-20251216'
[0;32m✅ [SUCCESS][0m Created branch: fix/nextjs-cve-20251216
[0;34m[INFO][0m Running npx fix-react2shell-next --fix...

[1mfix-react2shell-next[0m[2m - Next.js vulnerability scanner
[0m
[2mChecking for 4 known vulnerabilities:
[0m
[2m  - [0m[31mCVE-2025-66478[0m[2m (critical): Remote code execution via crafted RSC payload[0m
[2m  - [0m[33mCVE-2025-55184[0m[2m (high): DoS via malicious HTTP request causing server to hang and consume CPU[0m
[2m  - [0m[36mCVE-2025-55183[0m[2m (medium): Compiled Server Action source code can be exposed via malicious request[0m
[2m  - [0m[33mCVE-2025-67779[0m[2m (high): Incomplete fix for CVE-2025-55184 DoS via malicious RSC payload causing infinite loop[0m

[2mFound 1 package.json file(s)
[0m
[31mFound 1 vulnerable file(s):
[0m
[33m  package.json[0m
[2m     next: [0m[31m^14.2.33[0m[2m -> [0m[32m14.2.35[0m[35m [CVE-2025-55184, CVE-2025-67779][0m

[36m
Applying fixes...
[0m
[32m   Updated package.json[0m
[36m
Installing dependencies...
[0m
[2m. (pnpm)[0m
[2m
$ pnpm install
[0m
Progress: resolved 1, reused 0, downloaded 0, added 0
Progress: resolved 810, reused 799, downloaded 3, added 0
Progress: resolved 1292, reused 1235, downloaded 4, added 0
 WARN  10 deprecated subdependencies found: @babel/plugin-proposal-class-properties@7.18.6, @babel/plugin-proposal-object-rest-spread@7.20.7, @humanwhocodes/config-array@0.13.0, @humanwhocodes/object-schema@2.0.3, glob@7.2.3, inflight@1.0.6, lodash.get@4.4.2, oniguruma-to-js@0.4.3, react-beautiful-dnd@13.1.1, rimraf@3.0.2
Packages: +1252
++++++++++++++++++++++++++++++++++++++++++++++++++++++++++++++++++++++++++++++++
Progress: resolved 1297, reused 1240, downloaded 4, added 35
Progress: resolved 1297, reused 1240, downloaded 4, added 393
Progress: resolved 1297, reused 1240, downloaded 4, added 593
Progress: resolved 1297, reused 1240, downloaded 4, added 1117
Progress: resolved 1297, reused 1240, downloaded 4, added 1251
Progress: resolved 1297, reused 1240, downloaded 4, added 1252, done
 WARN  Issues with peer dependencies found
.
├─┬ @tinacms/cli 1.11.0
│ ├─┬ tinacms 2.9.0
│ │ ├─┬ @tinacms/schema-tools 1.9.1
│ │ │ └── ✕ unmet peer yup@^0.32.0: found 1.6.1
│ │ └─┬ @tinacms/search 1.1.1
│ │   └─┬ @tinacms/graphql 1.6.1
│ │     └─┬ @tinacms/mdx 1.8.1
│ │       └─┬ typedoc 0.26.11
│ │         └── ✕ unmet peer typescript@"4.6.x || 4.7.x || 4.8.x || 4.9.x || 5.0.x || 5.1.x || 5.2.x || 5.3.x || 5.4.x || 5.5.x || 5.6.x": found 5.7.3 in @tinacms/cli
│ └─┬ @tinacms/metrics 1.1.0
│   └── ✕ unmet peer fs-extra@^9.0.1: found 11.3.0
└─┬ eslint-config-next 14.2.33
  └─┬ @typescript-eslint/eslint-plugin 8.6.0
    └── ✕ unmet peer @typescript-eslint/parser@"^8.0.0 || ^8.0.0-alpha.0": found 7.2.0

dependencies:
+ next 14.2.35 (16.0.10 is available)
+ react 18.3.1
+ react-dom 18.3.1
+ tinacms 2.9.0
+ typescript 5.5.2

devDependencies:
+ @tinacms/cli 1.11.0
+ @types/node 22.18.12
+ eslint 8.57.1
+ eslint-config-next 14.2.33

╭ Warning ─────────────────────────────────────────────────────────────────────╮
│                                                                              │
│   Ignored build scripts: better-sqlite3, esbuild.                            │
│   Run "pnpm approve-builds" to pick which dependencies should be allowed     │
│   to run scripts.                                                            │
│                                                                              │
╰──────────────────────────────────────────────────────────────────────────────╯

Done in 7.8s using pnpm v10.20.0
[32m
Patches applied![0m
[2m   Remember to test your app and commit the changes.
[0m
[0;32m✅ [SUCCESS][0m Fix command completed - vulnerabilities found and fixed
[0;34m[INFO][0m Updating lockfiles for modified packages...
[0;34m[INFO][0m   Found modified package.json in: .
[0;34m[INFO][0m Processing directory: .
[0;34m[INFO][0m   Detected pnpm-lock.yaml in ., running pnpm install...
Lockfile is up to date, resolution step is skipped
Already up to date

╭ Warning ─────────────────────────────────────────────────────────────────────╮
│                                                                              │
│   Ignored build scripts: better-sqlite3, esbuild.                            │
│   Run "pnpm approve-builds" to pick which dependencies should be allowed     │
│   to run scripts.                                                            │
│                                                                              │
╰──────────────────────────────────────────────────────────────────────────────╯

Done in 275ms using pnpm v10.20.0
[0;32m✅ [SUCCESS][0m Lockfiles updated
[0;34m[INFO][0m Changes detected, proceeding with commit...
